21-04-11 21:29:47.489 - INFO: Evaluate: CNLRN_DVD100
21-04-11 21:29:47.489 - INFO: Input images path: ../dataset/DVD100/blur_bicubic_X4
21-04-11 21:29:47.489 - INFO: GT images path: ../dataset/DVD100/sharp
21-04-11 21:29:47.489 - INFO: Model path: ../pretrain_models/CNLRN.pth
21-04-11 21:29:47.489 - INFO: Results save path: ../infer_results/CNLRN_DVD100
21-04-11 21:29:47.489 - INFO: Flip test: False
21-04-11 21:29:47.489 - INFO: Save images: True
21-04-11 21:29:52.532 - INFO: 720p_240fps_2_00009 	PSNR: 28.140 	SSIM: 0.8312
21-04-11 21:29:55.557 - INFO: 720p_240fps_2_00019 	PSNR: 29.119 	SSIM: 0.8627
21-04-11 21:29:58.490 - INFO: 720p_240fps_2_00029 	PSNR: 28.913 	SSIM: 0.8403
21-04-11 21:30:01.577 - INFO: 720p_240fps_2_00039 	PSNR: 29.172 	SSIM: 0.8558
21-04-11 21:30:04.517 - INFO: 720p_240fps_2_00049 	PSNR: 26.862 	SSIM: 0.8001
21-04-11 21:30:07.455 - INFO: 720p_240fps_2_00059 	PSNR: 27.678 	SSIM: 0.8025
21-04-11 21:30:10.377 - INFO: 720p_240fps_2_00069 	PSNR: 27.076 	SSIM: 0.7832
21-04-11 21:30:13.359 - INFO: 720p_240fps_2_00079 	PSNR: 25.691 	SSIM: 0.7519
21-04-11 21:30:16.360 - INFO: 720p_240fps_2_00089 	PSNR: 28.159 	SSIM: 0.8387
21-04-11 21:30:19.457 - INFO: 720p_240fps_2_00099 	PSNR: 30.221 	SSIM: 0.8739
21-04-11 21:30:22.649 - INFO: IMG_0003_00009 	PSNR: 22.282 	SSIM: 0.6840
21-04-11 21:30:25.687 - INFO: IMG_0003_00019 	PSNR: 23.857 	SSIM: 0.7482
21-04-11 21:30:28.792 - INFO: IMG_0003_00029 	PSNR: 23.744 	SSIM: 0.7430
21-04-11 21:30:31.808 - INFO: IMG_0003_00039 	PSNR: 21.217 	SSIM: 0.6572
21-04-11 21:30:34.773 - INFO: IMG_0003_00049 	PSNR: 23.399 	SSIM: 0.7485
21-04-11 21:30:37.808 - INFO: IMG_0003_00059 	PSNR: 23.032 	SSIM: 0.7467
21-04-11 21:30:41.041 - INFO: IMG_0003_00069 	PSNR: 22.749 	SSIM: 0.7262
21-04-11 21:30:43.859 - INFO: IMG_0003_00079 	PSNR: 22.446 	SSIM: 0.7157
21-04-11 21:30:46.765 - INFO: IMG_0003_00089 	PSNR: 23.042 	SSIM: 0.7427
21-04-11 21:30:49.782 - INFO: IMG_0003_00099 	PSNR: 25.901 	SSIM: 0.8095
21-04-11 21:30:52.846 - INFO: IMG_0021_00009 	PSNR: 27.224 	SSIM: 0.8517
21-04-11 21:30:55.872 - INFO: IMG_0021_00019 	PSNR: 27.434 	SSIM: 0.8574
21-04-11 21:30:58.753 - INFO: IMG_0021_00029 	PSNR: 27.451 	SSIM: 0.8509
21-04-11 21:31:01.737 - INFO: IMG_0021_00039 	PSNR: 24.334 	SSIM: 0.7643
21-04-11 21:31:04.779 - INFO: IMG_0021_00049 	PSNR: 22.953 	SSIM: 0.6984
21-04-11 21:31:07.921 - INFO: IMG_0021_00059 	PSNR: 24.150 	SSIM: 0.7631
21-04-11 21:31:11.037 - INFO: IMG_0021_00069 	PSNR: 26.109 	SSIM: 0.8150
21-04-11 21:31:14.173 - INFO: IMG_0021_00079 	PSNR: 27.107 	SSIM: 0.8580
21-04-11 21:31:17.144 - INFO: IMG_0021_00089 	PSNR: 26.879 	SSIM: 0.8559
21-04-11 21:31:20.291 - INFO: IMG_0021_00099 	PSNR: 27.609 	SSIM: 0.8598
21-04-11 21:31:23.464 - INFO: IMG_0030_00009 	PSNR: 26.450 	SSIM: 0.8158
21-04-11 21:31:26.437 - INFO: IMG_0030_00019 	PSNR: 27.009 	SSIM: 0.8295
21-04-11 21:31:29.542 - INFO: IMG_0030_00029 	PSNR: 23.969 	SSIM: 0.7412
21-04-11 21:31:32.483 - INFO: IMG_0030_00039 	PSNR: 24.951 	SSIM: 0.7823
21-04-11 21:31:35.564 - INFO: IMG_0030_00049 	PSNR: 25.139 	SSIM: 0.7809
21-04-11 21:31:38.721 - INFO: IMG_0030_00059 	PSNR: 23.480 	SSIM: 0.7260
21-04-11 21:31:41.892 - INFO: IMG_0030_00069 	PSNR: 24.928 	SSIM: 0.7609
21-04-11 21:31:45.144 - INFO: IMG_0030_00079 	PSNR: 25.063 	SSIM: 0.7845
21-04-11 21:31:48.195 - INFO: IMG_0030_00089 	PSNR: 26.861 	SSIM: 0.8284
21-04-11 21:31:51.282 - INFO: IMG_0030_00099 	PSNR: 27.480 	SSIM: 0.8453
21-04-11 21:31:54.342 - INFO: IMG_0031_00009 	PSNR: 26.985 	SSIM: 0.8477
21-04-11 21:31:57.487 - INFO: IMG_0031_00019 	PSNR: 26.360 	SSIM: 0.8255
21-04-11 21:32:00.670 - INFO: IMG_0031_00029 	PSNR: 25.861 	SSIM: 0.8085
21-04-11 21:32:03.756 - INFO: IMG_0031_00039 	PSNR: 26.223 	SSIM: 0.8095
21-04-11 21:32:06.946 - INFO: IMG_0031_00049 	PSNR: 27.043 	SSIM: 0.8307
21-04-11 21:32:11.038 - INFO: IMG_0031_00059 	PSNR: 26.434 	SSIM: 0.8040
21-04-11 21:32:15.654 - INFO: IMG_0031_00069 	PSNR: 26.145 	SSIM: 0.8021
21-04-11 21:32:20.085 - INFO: IMG_0031_00079 	PSNR: 25.335 	SSIM: 0.7831
21-04-11 21:32:23.226 - INFO: IMG_0031_00089 	PSNR: 25.541 	SSIM: 0.7851
21-04-11 21:32:26.322 - INFO: IMG_0031_00099 	PSNR: 24.108 	SSIM: 0.7190
21-04-11 21:32:29.494 - INFO: IMG_0032_00009 	PSNR: 22.413 	SSIM: 0.6872
21-04-11 21:32:32.521 - INFO: IMG_0032_00019 	PSNR: 23.473 	SSIM: 0.7233
21-04-11 21:32:35.784 - INFO: IMG_0032_00029 	PSNR: 23.668 	SSIM: 0.7399
21-04-11 21:32:38.813 - INFO: IMG_0032_00039 	PSNR: 23.625 	SSIM: 0.7427
21-04-11 21:32:43.419 - INFO: IMG_0032_00049 	PSNR: 23.246 	SSIM: 0.7153
21-04-11 21:32:47.879 - INFO: IMG_0032_00059 	PSNR: 21.680 	SSIM: 0.6697
21-04-11 21:32:52.521 - INFO: IMG_0032_00069 	PSNR: 21.947 	SSIM: 0.6713
21-04-11 21:32:55.764 - INFO: IMG_0032_00079 	PSNR: 21.145 	SSIM: 0.6090
21-04-11 21:32:59.007 - INFO: IMG_0032_00089 	PSNR: 22.060 	SSIM: 0.6500
21-04-11 21:33:02.186 - INFO: IMG_0032_00099 	PSNR: 24.375 	SSIM: 0.7413
21-04-11 21:33:05.446 - INFO: IMG_0033_00009 	PSNR: 24.989 	SSIM: 0.7583
21-04-11 21:33:08.703 - INFO: IMG_0033_00019 	PSNR: 27.680 	SSIM: 0.8227
21-04-11 21:33:12.006 - INFO: IMG_0033_00029 	PSNR: 27.337 	SSIM: 0.8083
21-04-11 21:33:15.271 - INFO: IMG_0033_00039 	PSNR: 26.964 	SSIM: 0.7875
21-04-11 21:33:18.368 - INFO: IMG_0033_00049 	PSNR: 26.687 	SSIM: 0.7920
21-04-11 21:33:21.762 - INFO: IMG_0033_00059 	PSNR: 28.284 	SSIM: 0.8298
21-04-11 21:33:26.377 - INFO: IMG_0033_00069 	PSNR: 25.729 	SSIM: 0.8042
21-04-11 21:33:30.940 - INFO: IMG_0033_00079 	PSNR: 27.650 	SSIM: 0.8102
21-04-11 21:33:35.671 - INFO: IMG_0033_00089 	PSNR: 28.231 	SSIM: 0.8284
21-04-11 21:33:40.168 - INFO: IMG_0033_00099 	PSNR: 28.645 	SSIM: 0.8456
21-04-11 21:33:44.840 - INFO: IMG_0037_00009 	PSNR: 25.297 	SSIM: 0.7690
21-04-11 21:33:49.362 - INFO: IMG_0037_00019 	PSNR: 25.394 	SSIM: 0.7730
21-04-11 21:33:53.932 - INFO: IMG_0037_00029 	PSNR: 23.984 	SSIM: 0.7186
21-04-11 21:33:58.364 - INFO: IMG_0037_00039 	PSNR: 24.296 	SSIM: 0.7250
21-04-11 21:34:02.978 - INFO: IMG_0037_00049 	PSNR: 24.409 	SSIM: 0.7336
21-04-11 21:34:07.673 - INFO: IMG_0037_00059 	PSNR: 25.340 	SSIM: 0.7672
21-04-11 21:34:12.294 - INFO: IMG_0037_00069 	PSNR: 24.532 	SSIM: 0.7247
21-04-11 21:34:16.748 - INFO: IMG_0037_00079 	PSNR: 22.858 	SSIM: 0.6461
21-04-11 21:34:21.305 - INFO: IMG_0037_00089 	PSNR: 23.707 	SSIM: 0.6851
21-04-11 21:34:25.868 - INFO: IMG_0037_00099 	PSNR: 24.178 	SSIM: 0.7125
21-04-11 21:34:30.315 - INFO: IMG_0039_00009 	PSNR: 29.645 	SSIM: 0.9040
21-04-11 21:34:34.802 - INFO: IMG_0039_00019 	PSNR: 28.760 	SSIM: 0.8947
21-04-11 21:34:39.323 - INFO: IMG_0039_00029 	PSNR: 29.375 	SSIM: 0.8980
21-04-11 21:34:43.919 - INFO: IMG_0039_00039 	PSNR: 29.543 	SSIM: 0.9065
21-04-11 21:34:48.472 - INFO: IMG_0039_00049 	PSNR: 28.216 	SSIM: 0.8954
21-04-11 21:34:52.861 - INFO: IMG_0039_00059 	PSNR: 25.631 	SSIM: 0.8579
21-04-11 21:34:57.264 - INFO: IMG_0039_00069 	PSNR: 28.001 	SSIM: 0.8896
21-04-11 21:35:01.727 - INFO: IMG_0039_00079 	PSNR: 28.215 	SSIM: 0.8896
21-04-11 21:35:06.302 - INFO: IMG_0039_00089 	PSNR: 28.895 	SSIM: 0.8954
21-04-11 21:35:10.843 - INFO: IMG_0039_00099 	PSNR: 28.554 	SSIM: 0.8939
21-04-11 21:35:15.540 - INFO: IMG_0049_00009 	PSNR: 28.347 	SSIM: 0.8847
21-04-11 21:35:19.915 - INFO: IMG_0049_00019 	PSNR: 25.718 	SSIM: 0.8153
21-04-11 21:35:24.323 - INFO: IMG_0049_00029 	PSNR: 28.479 	SSIM: 0.8900
21-04-11 21:35:28.846 - INFO: IMG_0049_00039 	PSNR: 30.595 	SSIM: 0.9130
21-04-11 21:35:33.332 - INFO: IMG_0049_00049 	PSNR: 31.728 	SSIM: 0.9219
21-04-11 21:35:37.795 - INFO: IMG_0049_00059 	PSNR: 30.345 	SSIM: 0.9053
21-04-11 21:35:41.413 - INFO: IMG_0049_00069 	PSNR: 29.673 	SSIM: 0.8949
21-04-11 21:35:44.656 - INFO: IMG_0049_00079 	PSNR: 27.904 	SSIM: 0.8786
21-04-11 21:35:47.913 - INFO: IMG_0049_00089 	PSNR: 29.351 	SSIM: 0.8971
21-04-11 21:35:51.192 - INFO: IMG_0049_00099 	PSNR: 28.796 	SSIM: 0.8795
21-04-11 21:35:51.192 - INFO: ################ Final Results ################
21-04-11 21:35:51.192 - INFO: Evaluate: CNLRN_DVD100
21-04-11 21:35:51.192 - INFO: Input images path: ../dataset/DVD100/blur_bicubic_X4
21-04-11 21:35:51.192 - INFO: GT images path: ../dataset/DVD100/sharp
21-04-11 21:35:51.192 - INFO: Model path: ../pretrain_models/CNLRN.pth
21-04-11 21:35:51.192 - INFO: Results save path: ../infer_results/CNLRN_DVD100
21-04-11 21:35:51.192 - INFO: Flip test: False
21-04-11 21:35:51.192 - INFO: Save images: True
21-04-11 21:35:51.193 - INFO: Total Average PSNR: 26.089059 SSIM: 0.797439 for 100 images.
